Buzz
-499
Fizz
-497
-496
FizzBuzz
-494
-493
Fizz
-491
Buzz
Fizz
-488
-487
Fizz
Buzz
-484
Fizz
-482
-481
FizzBuzz
-479
-478
Fizz
-476
Buzz
Fizz
-473
-472
Fizz
Buzz
-469
Fizz
-467
-466
FizzBuzz
-464
-463
Fizz
-461
Buzz
Fizz
-458
-457
Fizz
Buzz
-454
Fizz
-452
-451
FizzBuzz
-449
-448
Fizz
-446
Buzz
Fizz
-443
-442
Fizz
Buzz
-439
Fizz
-437
-436
FizzBuzz
-434
-433
Fizz
-431
Buzz
Fizz
-428
-427
Fizz
Buzz
-424
Fizz
-422
-421
FizzBuzz
-419
-418
Fizz
-416
Buzz
Fizz
-413
-412
Fizz
Buzz
-409
Fizz
-407
-406
FizzBuzz
-404
-403
Fizz
-401
Buzz
Fizz
-398
-397
Fizz
Buzz
-394
Fizz
-392
-391
FizzBuzz
-389
-388
Fizz
-386
Buzz
Fizz
-383
-382
Fizz
Buzz
-379
Fizz
-377
-376
FizzBuzz
-374
-373
Fizz
-371
Buzz
Fizz
-368
-367
Fizz
Buzz
-364
Fizz
-362
-361
FizzBuzz
-359
-358
Fizz
-356
Buzz
Fizz
-353
-352
Fizz
Buzz
-349
Fizz
-347
-346
FizzBuzz
-344
-343
Fizz
-341
Buzz
Fizz
-338
-337
Fizz
Buzz
-334
Fizz
-332
-331
FizzBuzz
-329
-328
Fizz
-326
Buzz
Fizz
-323
-322
Fizz
Buzz
-319
Fizz
-317
-316
FizzBuzz
-314
-313
Fizz
-311
Buzz
Fizz
-308
-307
Fizz
Buzz
-304
Fizz
-302
-301
FizzBuzz
-299
-298
Fizz
-296
Buzz
Fizz
-293
-292
Fizz
Buzz
-289
Fizz
-287
-286
FizzBuzz
-284
-283
Fizz
-281
Buzz
Fizz
-278
-277
Fizz
Buzz
-274
Fizz
-272
-271
FizzBuzz
-269
-268
Fizz
-266
Buzz
Fizz
-263
-262
Fizz
Buzz
-259
Fizz
-257
-256
FizzBuzz
-254
-253
Fizz
-251
Buzz
Fizz
-248
-247
Fizz
Buzz
-244
Fizz
-242
-241
FizzBuzz
-239
-238
Fizz
-236
Buzz
Fizz
-233
-232
Fizz
Buzz
-229
Fizz
-227
-226
FizzBuzz
-224
-223
Fizz
-221
Buzz
Fizz
-218
-217
Fizz
Buzz
-214
Fizz
-212
-211
FizzBuzz
-209
-208
Fizz
-206
Buzz
Fizz
-203
-202
Fizz
Buzz
-199
Fizz
-197
-196
FizzBuzz
-194
-193
Fizz
-191
Buzz
Fizz
-188
-187
Fizz
Buzz
-184
Fizz
-182
-181
FizzBuzz
-179
-178
Fizz
-176
Buzz
Fizz
-173
-172
Fizz
Buzz
-169
Fizz
-167
-166
FizzBuzz
-164
-163
Fizz
-161
Buzz
Fizz
-158
-157
Fizz
Buzz
-154
Fizz
-152
-151
FizzBuzz
-149
-148
Fizz
-146
Buzz
Fizz
-143
-142
Fizz
Buzz
-139
Fizz
-137
-136
FizzBuzz
-134
-133
Fizz
-131
Buzz
Fizz
-128
-127
Fizz
Buzz
-124
Fizz
-122
-121
FizzBuzz
-119
-118
Fizz
-116
Buzz
Fizz
-113
-112
Fizz
Buzz
-109
Fizz
-107
-106
FizzBuzz
-104
-103
Fizz
-101
Buzz
Fizz
-98
-97
Fizz
Buzz
-94
Fizz
-92
-91
FizzBuzz
-89
-88
Fizz
-86
Buzz
Fizz
-83
-82
Fizz
Buzz
-79
Fizz
-77
-76
FizzBuzz
-74
-73
Fizz
-71
Buzz
Fizz
-68
-67
Fizz
Buzz
-64
Fizz
-62
-61
FizzBuzz
-59
-58
Fizz
-56
Buzz
Fizz
-53
-52
Fizz
Buzz
-49
Fizz
-47
-46
FizzBuzz
-44
-43
Fizz
-41
Buzz
Fizz
-38
-37
Fizz
Buzz
-34
Fizz
-32
-31
FizzBuzz
-29
-28
Fizz
-26
Buzz
Fizz
-23
-22
Fizz
Buzz
-19
Fizz
-17
-16
FizzBuzz
-14
-13
Fizz
-11
Buzz
Fizz
-8
-7
Fizz
Buzz
-4
Fizz
-2
-1
FizzBuzz
1
2
Fizz
4
Buzz
Fizz
7
8
Fizz
Buzz
11
Fizz
13
14
FizzBuzz
16
17
Fizz
19
Buzz
Fizz
22
23
Fizz
Buzz
26
Fizz
28
29
FizzBuzz
31
32
Fizz
34
Buzz
Fizz
37
38
Fizz
Buzz
41
Fizz
43
44
FizzBuzz
46
47
Fizz
49
Buzz
Fizz
52
53
Fizz
Buzz
56
Fizz
58
59
FizzBuzz
61
62
Fizz
64
Buzz
Fizz
67
68
Fizz
Buzz
71
Fizz
73
74
FizzBuzz
76
77
Fizz
79
Buzz
Fizz
82
83
Fizz
Buzz
86
Fizz
88
89
FizzBuzz
91
92
Fizz
94
Buzz
Fizz
97
98
Fizz
Buzz
101
Fizz
103
104
FizzBuzz
106
107
Fizz
109
Buzz
Fizz
112
113
Fizz
Buzz
116
Fizz
118
119
FizzBuzz
121
122
Fizz
124
Buzz
Fizz
127
128
Fizz
Buzz
131
Fizz
133
134
FizzBuzz
136
137
Fizz
139
Buzz
Fizz
142
143
Fizz
Buzz
146
Fizz
148
149
FizzBuzz
151
152
Fizz
154
Buzz
Fizz
157
158
Fizz
Buzz
161
Fizz
163
164
FizzBuzz
166
167
Fizz
169
Buzz
Fizz
172
173
Fizz
Buzz
176
Fizz
178
179
FizzBuzz
181
182
Fizz
184
Buzz
Fizz
187
188
Fizz
Buzz
191
Fizz
193
194
FizzBuzz
196
197
Fizz
199
Buzz
Fizz
202
203
Fizz
Buzz
206
Fizz
208
209
FizzBuzz
211
212
Fizz
214
Buzz
Fizz
217
218
Fizz
Buzz
221
Fizz
223
224
FizzBuzz
226
227
Fizz
229
Buzz
Fizz
232
233
Fizz
Buzz
236
Fizz
238
239
FizzBuzz
241
242
Fizz
244
Buzz
Fizz
247
248
Fizz
Buzz
251
Fizz
253
254
FizzBuzz
256
257
Fizz
259
Buzz
Fizz
262
263
Fizz
Buzz
266
Fizz
268
269
FizzBuzz
271
272
Fizz
274
Buzz
Fizz
277
278
Fizz
Buzz
281
Fizz
283
284
FizzBuzz
286
287
Fizz
289
Buzz
Fizz
292
293
Fizz
Buzz
296
Fizz
298
299
FizzBuzz
301
302
Fizz
304
Buzz
Fizz
307
308
Fizz
Buzz
311
Fizz
313
314
FizzBuzz
316
317
Fizz
319
Buzz
Fizz
322
323
Fizz
Buzz
326
Fizz
328
329
FizzBuzz
331
332
Fizz
334
Buzz
Fizz
337
338
Fizz
Buzz
341
Fizz
343
344
FizzBuzz
346
347
Fizz
349
Buzz
Fizz
352
353
Fizz
Buzz
356
Fizz
358
359
FizzBuzz
361
362
Fizz
364
Buzz
Fizz
367
368
Fizz
Buzz
371
Fizz
373
374
FizzBuzz
376
377
Fizz
379
Buzz
Fizz
382
383
Fizz
Buzz
386
Fizz
388
389
FizzBuzz
391
392
Fizz
394
Buzz
Fizz
397
398
Fizz
Buzz
401
Fizz
403
404
FizzBuzz
406
407
Fizz
409
Buzz
Fizz
412
413
Fizz
Buzz
416
Fizz
418
419
FizzBuzz
421
422
Fizz
424
Buzz
Fizz
427
428
Fizz
Buzz
431
Fizz
433
434
FizzBuzz
436
437
Fizz
439
Buzz
Fizz
442
443
Fizz
Buzz
446
Fizz
448
449
FizzBuzz
451
452
Fizz
454
Buzz
Fizz
457
458
Fizz
Buzz
461
Fizz
463
464
FizzBuzz
466
467
Fizz
469
Buzz
Fizz
472
473
Fizz
Buzz
476
Fizz
478
479
FizzBuzz
481
482
Fizz
484
Buzz
Fizz
487
488
Fizz
Buzz
491
Fizz
493
494
FizzBuzz
496
497
Fizz
499
Buzz
